{
  "stats": {
    "suites": 7,
    "tests": 10,
    "passes": 8,
    "pending": 4,
    "failures": -2,
    "start": "2025-11-14T07:00:51.978Z",
    "end": "2025-11-14T07:02:32.987Z",
    "duration": 101009,
    "testsRegistered": 12,
    "passPercent": 100,
    "pendingPercent": 33.33333333333333,
    "other": 2,
    "hasOther": true,
    "skipped": 0,
    "hasSkipped": false
  },
  "results": [
    {
      "uuid": "7ea07543-42d0-40a4-b24a-ff8352aec480",
      "title": "",
      "fullFile": "cypress/e2e/dashboard.spec.js",
      "file": "cypress/e2e/dashboard.spec.js",
      "beforeHooks": [],
      "afterHooks": [],
      "tests": [],
      "suites": [
        {
          "uuid": "e66e3a99-e2b6-4900-907c-a9307d86cb3e",
          "title": "VCam.ai Dashboard",
          "fullFile": "",
          "file": "",
          "beforeHooks": [],
          "afterHooks": [],
          "tests": [],
          "suites": [
            {
              "uuid": "3881760d-8e41-4a07-8a33-55cda3d1cf1c",
              "title": "DASHBOARD NAVIGATION",
              "fullFile": "",
              "file": "",
              "beforeHooks": [],
              "afterHooks": [],
              "tests": [
                {
                  "title": "Should check navigation in the Dashboard while logged in",
                  "fullTitle": "VCam.ai Dashboard DASHBOARD NAVIGATION Should check navigation in the Dashboard while logged in",
                  "timedOut": null,
                  "duration": 16879,
                  "state": "passed",
                  "speed": "slow",
                  "pass": true,
                  "fail": false,
                  "pending": false,
                  "context": null,
                  "code": "dashboard.navigateTo(\"Dashboard\");\ndashboard.navigateTo(\"Backgrounds\");\ndashboard.navigateTo(\"Logos\");\ndashboard.navigateTo(\"Name Tags\");\ndashboard.navigateTo(\"Team\");\ndashboard.navigateTo(\"Billing\");\ndashboard.navigateToBillingFromDashboard();\ndashboard.navigateTo(\"Settings\");",
                  "err": {},
                  "uuid": "9fd3fbbf-59af-44e1-a5ff-5f3030221b77",
                  "parentUUID": "3881760d-8e41-4a07-8a33-55cda3d1cf1c",
                  "isHook": false,
                  "skipped": false
                }
              ],
              "suites": [],
              "passes": [
                "9fd3fbbf-59af-44e1-a5ff-5f3030221b77"
              ],
              "failures": [],
              "pending": [],
              "skipped": [],
              "duration": 16879,
              "root": false,
              "rootEmpty": false,
              "_timeout": 2000
            },
            {
              "uuid": "d60fb9d8-979d-479c-b7bd-bc3d8cbe6ef2",
              "title": "BACKGROUNDS",
              "fullFile": "",
              "file": "",
              "beforeHooks": [],
              "afterHooks": [],
              "tests": [
                {
                  "title": "Should upload image file as background then remove all backgrounds",
                  "fullTitle": "VCam.ai Dashboard BACKGROUNDS Should upload image file as background then remove all backgrounds",
                  "timedOut": null,
                  "duration": 13849,
                  "state": "passed",
                  "speed": "slow",
                  "pass": true,
                  "fail": false,
                  "pending": false,
                  "context": null,
                  "code": "background.addBackground(\"image\");\nbackground.deleteBackground(); // cleanup",
                  "err": {},
                  "uuid": "dd34afd1-cbb8-4456-9872-42c902037c19",
                  "parentUUID": "d60fb9d8-979d-479c-b7bd-bc3d8cbe6ef2",
                  "isHook": false,
                  "skipped": false
                },
                {
                  "title": "Should upload video file as background",
                  "fullTitle": "VCam.ai Dashboard BACKGROUNDS Should upload video file as background",
                  "timedOut": null,
                  "duration": 13398,
                  "state": "passed",
                  "speed": "slow",
                  "pass": true,
                  "fail": false,
                  "pending": false,
                  "context": null,
                  "code": "background.addBackground(\"video\");\nbackground.deleteBackground(); // cleanup",
                  "err": {},
                  "uuid": "e71d7691-b368-431b-b2bd-08a070a53173",
                  "parentUUID": "d60fb9d8-979d-479c-b7bd-bc3d8cbe6ef2",
                  "isHook": false,
                  "skipped": false
                },
                {
                  "title": "Should select a stock photo as background",
                  "fullTitle": "VCam.ai Dashboard BACKGROUNDS Should select a stock photo as background",
                  "timedOut": null,
                  "duration": 10854,
                  "state": "passed",
                  "speed": "slow",
                  "pass": true,
                  "fail": false,
                  "pending": false,
                  "context": null,
                  "code": "background.addBackground(\"stock\");\nbackground.setBackgroundStateMemberSettings(1);\nbackground.setBackgroundPermissionSettings(0);\nbackground.deleteBackground(); // cleanup",
                  "err": {},
                  "uuid": "8ffbd18e-4177-429b-8a8c-3926393b1c78",
                  "parentUUID": "d60fb9d8-979d-479c-b7bd-bc3d8cbe6ef2",
                  "isHook": false,
                  "skipped": false
                }
              ],
              "suites": [],
              "passes": [
                "dd34afd1-cbb8-4456-9872-42c902037c19",
                "e71d7691-b368-431b-b2bd-08a070a53173",
                "8ffbd18e-4177-429b-8a8c-3926393b1c78"
              ],
              "failures": [],
              "pending": [],
              "skipped": [],
              "duration": 38101,
              "root": false,
              "rootEmpty": false,
              "_timeout": 2000
            },
            {
              "uuid": "c54b4af1-56df-47ce-88f0-7f6b2eb3d619",
              "title": "LOGOS",
              "fullFile": "",
              "file": "",
              "beforeHooks": [],
              "afterHooks": [],
              "tests": [
                {
                  "title": "Should upload image file as logo",
                  "fullTitle": "VCam.ai Dashboard LOGOS Should upload image file as logo",
                  "timedOut": null,
                  "duration": 12655,
                  "state": "passed",
                  "speed": "slow",
                  "pass": true,
                  "fail": false,
                  "pending": false,
                  "context": null,
                  "code": "logo.addLogoByImageUpload();\nlogo.deleteLogo(); // cleanup",
                  "err": {},
                  "uuid": "63e761bb-f9d1-4dd5-b46f-985610ab605a",
                  "parentUUID": "c54b4af1-56df-47ce-88f0-7f6b2eb3d619",
                  "isHook": false,
                  "skipped": false
                },
                {
                  "title": "Should upload video file as logo",
                  "fullTitle": "VCam.ai Dashboard LOGOS Should upload video file as logo",
                  "timedOut": null,
                  "duration": 11809,
                  "state": "passed",
                  "speed": "slow",
                  "pass": true,
                  "fail": false,
                  "pending": false,
                  "context": null,
                  "code": "logo.addLogoByVideoUpload();\nlogo.setLogoPermissionSettings(1);\nlogo.deleteLogo(); // cleanup",
                  "err": {},
                  "uuid": "8da057cb-6b7c-45a8-8fe0-9bd85c430791",
                  "parentUUID": "c54b4af1-56df-47ce-88f0-7f6b2eb3d619",
                  "isHook": false,
                  "skipped": false
                }
              ],
              "suites": [],
              "passes": [
                "63e761bb-f9d1-4dd5-b46f-985610ab605a",
                "8da057cb-6b7c-45a8-8fe0-9bd85c430791"
              ],
              "failures": [],
              "pending": [],
              "skipped": [],
              "duration": 24464,
              "root": false,
              "rootEmpty": false,
              "_timeout": 2000
            },
            {
              "uuid": "a5ad9a48-7820-47bd-a959-1bb5d4fc0ae9",
              "title": "NAME TAGS",
              "fullFile": "",
              "file": "",
              "beforeHooks": [],
              "afterHooks": [],
              "tests": [
                {
                  "title": "Should setup a Name Tag",
                  "fullTitle": "VCam.ai Dashboard NAME TAGS Should setup a Name Tag",
                  "timedOut": null,
                  "duration": 9422,
                  "state": "passed",
                  "speed": "medium",
                  "pass": true,
                  "fail": false,
                  "pending": false,
                  "context": null,
                  "code": "cy.fixture(\"users.json\").as(\"users\").then(user => {\n  nametag.selectNameTagDesign(2);\n  nametag.setNameTag(user[1].name, user[1].nametag);\n  nametag.allowNameTagsInApp(1); // 1 to enable\n  nametag.allowMembersToToggleNameTag(0);\n  nametag.allowMembersToSetDetails(0);\n  nametag.allowMembersToSetDesign(0);\n  nametag.selectNameTagDesign(0); //Cleanup. Set to default design again.\n});",
                  "err": {},
                  "uuid": "31fd82a8-760e-413c-ac53-bfadcb57fca5",
                  "parentUUID": "a5ad9a48-7820-47bd-a959-1bb5d4fc0ae9",
                  "isHook": false,
                  "skipped": false
                }
              ],
              "suites": [],
              "passes": [
                "31fd82a8-760e-413c-ac53-bfadcb57fca5"
              ],
              "failures": [],
              "pending": [],
              "skipped": [],
              "duration": 9422,
              "root": false,
              "rootEmpty": false,
              "_timeout": 2000
            },
            {
              "uuid": "dd4f6b52-18a6-4592-85d1-d453c069ff41",
              "title": "SETTINGS",
              "fullFile": "",
              "file": "",
              "beforeHooks": [],
              "afterHooks": [],
              "tests": [
                {
                  "title": "Should set new workspace name",
                  "fullTitle": "VCam.ai Dashboard SETTINGS Should set new workspace name",
                  "timedOut": null,
                  "duration": 8276,
                  "state": "passed",
                  "speed": "medium",
                  "pass": true,
                  "fail": false,
                  "pending": false,
                  "context": null,
                  "code": "settings.renameWorkspace();",
                  "err": {},
                  "uuid": "2fe0f680-6747-4f4a-8546-7441fff902a2",
                  "parentUUID": "dd4f6b52-18a6-4592-85d1-d453c069ff41",
                  "isHook": false,
                  "skipped": false
                },
                {
                  "title": "Should leave workspace if account has more than 1 workspace",
                  "fullTitle": "VCam.ai Dashboard SETTINGS Should leave workspace if account has more than 1 workspace",
                  "timedOut": null,
                  "duration": 0,
                  "state": "pending",
                  "speed": null,
                  "pass": false,
                  "fail": false,
                  "pending": true,
                  "context": null,
                  "code": "settings.leaveWorkspace();",
                  "err": {},
                  "uuid": "421b1192-3b23-491e-9ee5-e032412a77d4",
                  "parentUUID": "dd4f6b52-18a6-4592-85d1-d453c069ff41",
                  "isHook": false,
                  "skipped": false
                },
                {
                  "title": "[SKIP] Should delete workspace if account has more than 1 workspace",
                  "fullTitle": "VCam.ai Dashboard SETTINGS [SKIP] Should delete workspace if account has more than 1 workspace",
                  "timedOut": null,
                  "duration": 0,
                  "state": "pending",
                  "speed": null,
                  "pass": false,
                  "fail": false,
                  "pending": true,
                  "context": null,
                  "code": "// CURRENTLY SKIPPED DUE TO NUMBER OF WORKSPACES AVAILABLE IN TEST ACCOUNT\nsettings.deleteWorkspace();",
                  "err": {},
                  "uuid": "6ea186e2-058f-4a14-9745-4506de728585",
                  "parentUUID": "dd4f6b52-18a6-4592-85d1-d453c069ff41",
                  "isHook": false,
                  "skipped": false
                },
                {
                  "title": "[SKIP] Domain and Workspace Discovery - Current LIMITATION",
                  "fullTitle": "VCam.ai Dashboard SETTINGS [SKIP] Domain and Workspace Discovery - Current LIMITATION",
                  "timedOut": null,
                  "duration": 0,
                  "state": "pending",
                  "speed": null,
                  "pass": false,
                  "fail": false,
                  "pending": true,
                  "context": null,
                  "code": "// Workspace Discovery cannot be tested via automation\nconst domain = \"marco.com\";\nconst verificationEmail = \"kopi@marco.com\";\nsettings.addDomain(domain, \"Invite only\", verificationEmail); // type: Instant Access, Request to join, Invite only",
                  "err": {},
                  "uuid": "36097010-5175-484c-8e57-8ce45c50b62e",
                  "parentUUID": "dd4f6b52-18a6-4592-85d1-d453c069ff41",
                  "isHook": false,
                  "skipped": false
                }
              ],
              "suites": [],
              "passes": [
                "2fe0f680-6747-4f4a-8546-7441fff902a2"
              ],
              "failures": [],
              "pending": [
                "421b1192-3b23-491e-9ee5-e032412a77d4",
                "6ea186e2-058f-4a14-9745-4506de728585",
                "36097010-5175-484c-8e57-8ce45c50b62e"
              ],
              "skipped": [],
              "duration": 8276,
              "root": false,
              "rootEmpty": false,
              "_timeout": 2000
            },
            {
              "uuid": "2df52182-c2b8-49a8-9019-5891f91bf871",
              "title": "TEAM",
              "fullFile": "",
              "file": "",
              "beforeHooks": [],
              "afterHooks": [],
              "tests": [
                {
                  "title": "[SKIP] Should invite Users/Team Members via the Team Menu",
                  "fullTitle": "VCam.ai Dashboard TEAM [SKIP] Should invite Users/Team Members via the Team Menu",
                  "timedOut": null,
                  "duration": 0,
                  "state": "pending",
                  "speed": null,
                  "pass": false,
                  "fail": false,
                  "pending": true,
                  "context": null,
                  "code": "team.inviteUsers(emails, \"Member\");",
                  "err": {},
                  "uuid": "5d38f1c9-486b-4c82-a3da-67c2dc987fd6",
                  "parentUUID": "2df52182-c2b8-49a8-9019-5891f91bf871",
                  "isHook": false,
                  "skipped": false
                }
              ],
              "suites": [],
              "passes": [],
              "failures": [],
              "pending": [
                "5d38f1c9-486b-4c82-a3da-67c2dc987fd6"
              ],
              "skipped": [],
              "duration": 0,
              "root": false,
              "rootEmpty": false,
              "_timeout": 2000
            }
          ],
          "passes": [],
          "failures": [],
          "pending": [],
          "skipped": [],
          "duration": 0,
          "root": false,
          "rootEmpty": false,
          "_timeout": 2000
        }
      ],
      "passes": [],
      "failures": [],
      "pending": [],
      "skipped": [],
      "duration": 0,
      "root": true,
      "rootEmpty": true,
      "_timeout": 2000
    }
  ],
  "meta": {
    "mocha": {
      "version": "7.2.0"
    },
    "mochawesome": {
      "options": {
        "quiet": false,
        "reportFilename": "mochawesome",
        "saveHtml": true,
        "saveJson": true,
        "consoleReporter": "spec",
        "useInlineDiffs": false,
        "code": true
      },
      "version": "7.1.4"
    },
    "marge": {
      "options": {
        "reportDir": "cypress/reports",
        "overwrite": false,
        "html": true,
        "json": true
      },
      "version": "6.3.2"
    }
  }
}