{
  "stats": {
    "suites": 1,
    "tests": 1,
    "passes": 0,
    "pending": 2,
    "failures": -1,
    "start": "2025-11-13T12:23:07.605Z",
    "end": "2025-11-13T12:23:07.649Z",
    "duration": 44,
    "testsRegistered": 2,
    "passPercent": null,
    "pendingPercent": 100,
    "other": 1,
    "hasOther": true,
    "skipped": 0,
    "hasSkipped": false
  },
  "results": [
    {
      "uuid": "90121f9a-2f56-4cb8-b90d-1badcf0bce35",
      "title": "",
      "fullFile": "cypress/e2e/onboarding.spec.js",
      "file": "cypress/e2e/onboarding.spec.js",
      "beforeHooks": [],
      "afterHooks": [],
      "tests": [],
      "suites": [
        {
          "uuid": "f986b2b7-57e9-41c2-b4f2-e1966a092ed9",
          "title": "VCam.ai Dashboard",
          "fullFile": "",
          "file": "",
          "beforeHooks": [],
          "afterHooks": [],
          "tests": [
            {
              "title": "Should select 'For Personal Use' on the onboarding page",
              "fullTitle": "VCam.ai Dashboard Should select 'For Personal Use' on the onboarding page",
              "timedOut": null,
              "duration": 0,
              "state": "pending",
              "speed": null,
              "pass": false,
              "fail": false,
              "pending": true,
              "context": null,
              "code": "onboarding.setForPersonalUse();\n// CLEAN UP",
              "err": {},
              "uuid": "21981b20-164b-4ca1-99f9-6ecc9a863548",
              "parentUUID": "f986b2b7-57e9-41c2-b4f2-e1966a092ed9",
              "isHook": false,
              "skipped": false
            },
            {
              "title": "Should select 'for Team Use' on the onboarding page",
              "fullTitle": "VCam.ai Dashboard Should select 'for Team Use' on the onboarding page",
              "timedOut": null,
              "duration": 0,
              "state": "pending",
              "speed": null,
              "pass": false,
              "fail": false,
              "pending": true,
              "context": null,
              "code": "onboarding.setForTeamUse();\nonboarding.setupTeamWorkspace();\ndashboard.navigateTo(\"Settings\");\ncy.fixture(\"workspace.json\").as(\"workspace\").then(workspace => {\n  const wsName = workspace.name;\n  settings.workspaceName.should(\"eq\", wsName);\n});",
              "err": {},
              "uuid": "acd58560-916b-471b-8b44-2933bcfe8661",
              "parentUUID": "f986b2b7-57e9-41c2-b4f2-e1966a092ed9",
              "isHook": false,
              "skipped": false
            }
          ],
          "suites": [],
          "passes": [],
          "failures": [],
          "pending": [
            "21981b20-164b-4ca1-99f9-6ecc9a863548",
            "acd58560-916b-471b-8b44-2933bcfe8661"
          ],
          "skipped": [],
          "duration": 0,
          "root": false,
          "rootEmpty": false,
          "_timeout": 2000
        }
      ],
      "passes": [],
      "failures": [],
      "pending": [],
      "skipped": [],
      "duration": 0,
      "root": true,
      "rootEmpty": true,
      "_timeout": 2000
    }
  ],
  "meta": {
    "mocha": {
      "version": "7.2.0"
    },
    "mochawesome": {
      "options": {
        "quiet": false,
        "reportFilename": "mochawesome",
        "saveHtml": true,
        "saveJson": true,
        "consoleReporter": "spec",
        "useInlineDiffs": false,
        "code": true
      },
      "version": "7.1.4"
    },
    "marge": {
      "options": {
        "reportDir": "cypress/reports",
        "overwrite": false,
        "html": true,
        "json": true
      },
      "version": "6.3.2"
    }
  }
}