{
  "stats": {
    "suites": 1,
    "tests": 3,
    "passes": 3,
    "pending": 0,
    "failures": 0,
    "start": "2025-11-13T10:37:01.198Z",
    "end": "2025-11-13T10:37:29.757Z",
    "duration": 28559,
    "testsRegistered": 3,
    "passPercent": 100,
    "pendingPercent": 0,
    "other": 0,
    "hasOther": false,
    "skipped": 0,
    "hasSkipped": false
  },
  "results": [
    {
      "uuid": "bdb9ebc5-ed1f-43e6-bf21-f238b8ef42e9",
      "title": "",
      "fullFile": "cypress/e2e/home.spec.js",
      "file": "cypress/e2e/home.spec.js",
      "beforeHooks": [],
      "afterHooks": [],
      "tests": [],
      "suites": [
        {
          "uuid": "2100e580-0085-49df-a293-c605497293f5",
          "title": "VCam.ai Home Page",
          "fullFile": "",
          "file": "",
          "beforeHooks": [],
          "afterHooks": [],
          "tests": [
            {
              "title": "Should check that all the URLs in the header are correct",
              "fullTitle": "VCam.ai Home Page Should check that all the URLs in the header are correct",
              "timedOut": null,
              "duration": 21729,
              "state": "passed",
              "speed": "slow",
              "pass": true,
              "fail": false,
              "pending": false,
              "context": null,
              "code": "header.checkHeaderLinks();",
              "err": {},
              "uuid": "3c4a8f8a-a64d-4ceb-acea-0dff6ceab8d2",
              "parentUUID": "2100e580-0085-49df-a293-c605497293f5",
              "isHook": false,
              "skipped": false
            },
            {
              "title": "Should check that all the URLs in the footer are correct",
              "fullTitle": "VCam.ai Home Page Should check that all the URLs in the footer are correct",
              "timedOut": null,
              "duration": 3190,
              "state": "passed",
              "speed": "fast",
              "pass": true,
              "fail": false,
              "pending": false,
              "context": null,
              "code": "footer.checkFooterLinks();",
              "err": {},
              "uuid": "a38a1370-012e-4686-838d-702988ff176c",
              "parentUUID": "2100e580-0085-49df-a293-c605497293f5",
              "isHook": false,
              "skipped": false
            },
            {
              "title": "Should check all URLs in the Home Page are correct",
              "fullTitle": "VCam.ai Home Page Should check all URLs in the Home Page are correct",
              "timedOut": null,
              "duration": 796,
              "state": "passed",
              "speed": "fast",
              "pass": true,
              "fail": false,
              "pending": false,
              "context": null,
              "code": "homePage.checkHomePageLinks();",
              "err": {},
              "uuid": "a8d3a107-d203-4e7f-b5c5-1d3fa50bba63",
              "parentUUID": "2100e580-0085-49df-a293-c605497293f5",
              "isHook": false,
              "skipped": false
            }
          ],
          "suites": [],
          "passes": [
            "3c4a8f8a-a64d-4ceb-acea-0dff6ceab8d2",
            "a38a1370-012e-4686-838d-702988ff176c",
            "a8d3a107-d203-4e7f-b5c5-1d3fa50bba63"
          ],
          "failures": [],
          "pending": [],
          "skipped": [],
          "duration": 25715,
          "root": false,
          "rootEmpty": false,
          "_timeout": 2000
        }
      ],
      "passes": [],
      "failures": [],
      "pending": [],
      "skipped": [],
      "duration": 0,
      "root": true,
      "rootEmpty": true,
      "_timeout": 2000
    }
  ],
  "meta": {
    "mocha": {
      "version": "7.2.0"
    },
    "mochawesome": {
      "options": {
        "quiet": false,
        "reportFilename": "mochawesome",
        "saveHtml": false,
        "saveJson": true,
        "consoleReporter": "spec",
        "useInlineDiffs": false,
        "code": true
      },
      "version": "7.1.4"
    },
    "marge": {
      "options": {
        "reportDir": "cypress/reports",
        "overwrite": false,
        "html": false,
        "json": true
      },
      "version": "6.3.2"
    }
  }
}