{
  "stats": {
    "suites": 2,
    "tests": 1,
    "passes": 0,
    "pending": 0,
    "failures": 1,
    "start": "2025-11-13T10:33:39.252Z",
    "end": "2025-11-13T10:33:46.315Z",
    "duration": 7063,
    "testsRegistered": 1,
    "passPercent": 0,
    "pendingPercent": 0,
    "other": 0,
    "hasOther": false,
    "skipped": 0,
    "hasSkipped": false
  },
  "results": [
    {
      "uuid": "fcd7c410-6ce1-407a-9258-5c09017c1344",
      "title": "",
      "fullFile": "cypress/e2e/dashboard.spec.js",
      "file": "cypress/e2e/dashboard.spec.js",
      "beforeHooks": [],
      "afterHooks": [],
      "tests": [],
      "suites": [
        {
          "uuid": "742c4229-2c2a-47ec-9874-ee900ccfad3f",
          "title": "VCam.ai Dashboard",
          "fullFile": "",
          "file": "",
          "beforeHooks": [],
          "afterHooks": [],
          "tests": [],
          "suites": [
            {
              "uuid": "3d477e95-ac82-4892-bad4-7d1be76cea5f",
              "title": "NAME TAGS",
              "fullFile": "",
              "file": "",
              "beforeHooks": [],
              "afterHooks": [],
              "tests": [
                {
                  "title": "Should setup a Name Tag",
                  "fullTitle": "VCam.ai Dashboard NAME TAGS Should setup a Name Tag",
                  "timedOut": null,
                  "duration": 3224,
                  "state": "failed",
                  "speed": null,
                  "pass": false,
                  "fail": true,
                  "pending": false,
                  "context": null,
                  "code": "cy.fixture(\"users.json\").as(\"users\").then(user => {\n  nametag.selectNameTagDesign(2);\n  nametag.setNameTag(user[1].name, user[1].nametag);\n  nametag.allowNameTagsInApp(1); // 1 to enable\n  nametag.allowMembersToToggleNameTag(0);\n  nametag.allowMembersToSetDetails(0);\n  nametag.allowMembersToSetDesign(0);\n  nametag.selectNameTagDesign(0); //Cleanup. Set to default design again.\n});",
                  "err": {
                    "message": "CypressError: `cy.type()` can only accept a string or number. You passed in: `undefined`\n\nhttps://on.cypress.io/type\n\nBecause this error occurred during a `before each` hook we are skipping the remaining tests in the current suite: `VCam.ai Dashboard`",
                    "estack": "CypressError: `cy.type()` can only accept a string or number. You passed in: `undefined`\n\nhttps://on.cypress.io/type\n\nBecause this error occurred during a `before each` hook we are skipping the remaining tests in the current suite: `VCam.ai Dashboard`\n    at Context.type (https://dashboard.vcam.ai/__cypress/runner/cypress_runner.js:117091:68)\n    at wrapped (https://dashboard.vcam.ai/__cypress/runner/cypress_runner.js:145681:19)\nFrom Your Spec Code:\n    at Object.proxyGetter [as get] (https://dashboard.vcam.ai/__cypress/runner/cypress_runner.js:80741:22)\n    at exists (https://dashboard.vcam.ai/__cypress/runner/cypress_runner.js:150544:26)\n    at elExists (https://dashboard.vcam.ai/__cypress/runner/cypress_runner.js:150559:10)\n    at ensureExistence (https://dashboard.vcam.ai/__cypress/runner/cypress_runner.js:150740:22)\n    at onFailFn (https://dashboard.vcam.ai/__cypress/runner/cypress_runner.js:150769:53)",
                    "diff": null
                  },
                  "uuid": "62df746a-8915-4a34-a810-bcf5cdfee082",
                  "parentUUID": "3d477e95-ac82-4892-bad4-7d1be76cea5f",
                  "isHook": false,
                  "skipped": false
                }
              ],
              "suites": [],
              "passes": [],
              "failures": [
                "62df746a-8915-4a34-a810-bcf5cdfee082"
              ],
              "pending": [],
              "skipped": [],
              "duration": 3224,
              "root": false,
              "rootEmpty": false,
              "_timeout": 2000
            }
          ],
          "passes": [],
          "failures": [],
          "pending": [],
          "skipped": [],
          "duration": 0,
          "root": false,
          "rootEmpty": false,
          "_timeout": 2000
        }
      ],
      "passes": [],
      "failures": [],
      "pending": [],
      "skipped": [],
      "duration": 0,
      "root": true,
      "rootEmpty": true,
      "_timeout": 2000
    }
  ],
  "meta": {
    "mocha": {
      "version": "7.2.0"
    },
    "mochawesome": {
      "options": {
        "quiet": false,
        "reportFilename": "mochawesome",
        "saveHtml": false,
        "saveJson": true,
        "consoleReporter": "spec",
        "useInlineDiffs": false,
        "code": true
      },
      "version": "7.1.4"
    },
    "marge": {
      "options": {
        "reportDir": "cypress/reports",
        "overwrite": false,
        "html": false,
        "json": true
      },
      "version": "6.3.2"
    }
  }
}