{
  "stats": {
    "suites": 2,
    "tests": 1,
    "passes": 0,
    "pending": 0,
    "failures": 1,
    "start": "2025-11-13T10:35:00.993Z",
    "end": "2025-11-13T10:35:19.385Z",
    "duration": 18392,
    "testsRegistered": 1,
    "passPercent": 0,
    "pendingPercent": 0,
    "other": 0,
    "hasOther": false,
    "skipped": 0,
    "hasSkipped": false
  },
  "results": [
    {
      "uuid": "464efa54-67e5-4f8b-8894-a44dc53e481e",
      "title": "",
      "fullFile": "cypress/e2e/dashboard.spec.js",
      "file": "cypress/e2e/dashboard.spec.js",
      "beforeHooks": [],
      "afterHooks": [],
      "tests": [],
      "suites": [
        {
          "uuid": "5cb957e2-a43a-44f4-8d74-1b7db7d13847",
          "title": "VCam.ai Dashboard",
          "fullFile": "",
          "file": "",
          "beforeHooks": [],
          "afterHooks": [],
          "tests": [],
          "suites": [
            {
              "uuid": "96bf0051-5d20-490c-ae86-dcb23712f7e1",
              "title": "NAME TAGS",
              "fullFile": "",
              "file": "",
              "beforeHooks": [],
              "afterHooks": [],
              "tests": [
                {
                  "title": "Should setup a Name Tag",
                  "fullTitle": "VCam.ai Dashboard NAME TAGS Should setup a Name Tag",
                  "timedOut": null,
                  "duration": 10166,
                  "state": "failed",
                  "speed": null,
                  "pass": false,
                  "fail": true,
                  "pending": false,
                  "context": null,
                  "code": "cy.fixture(\"users.json\").as(\"users\").then(user => {\n  nametag.selectNameTagDesign(2);\n  nametag.setNameTag(user[1].name, user[1].nametag);\n  nametag.allowNameTagsInApp(1); // 1 to enable\n  nametag.allowMembersToToggleNameTag(0);\n  nametag.allowMembersToSetDetails(0);\n  nametag.allowMembersToSetDesign(0);\n  nametag.selectNameTagDesign(0); //Cleanup. Set to default design again.\n});",
                  "err": {
                    "message": "AssertionError: Timed out retrying after 10000ms: Expected to find content: 'Name Tags' within the selector: 'a' but never did.\n\nBecause this error occurred during a `before each` hook we are skipping the remaining tests in the current suite: `NAME TAGS`",
                    "estack": "AssertionError: Timed out retrying after 10000ms: Expected to find content: 'Name Tags' within the selector: 'a' but never did.\n\nBecause this error occurred during a `before each` hook we are skipping the remaining tests in the current suite: `NAME TAGS`\n    at DashboardPage.getLinkByText (webpack://thelab/./cypress/pageObjects/pages/dashboardPage.js:34:14)\n    at DashboardPage.clickLink (webpack://thelab/./cypress/pageObjects/pages/dashboardPage.js:38:9)\n    at DashboardPage.navigateTo (webpack://thelab/./cypress/pageObjects/pages/dashboardPage.js:60:11)\n    at Context.eval (webpack://thelab/./cypress/e2e/dashboard.spec.js:71:16)",
                    "diff": null
                  },
                  "uuid": "64c97a03-63d0-43ac-8716-b39e6ec24620",
                  "parentUUID": "96bf0051-5d20-490c-ae86-dcb23712f7e1",
                  "isHook": false,
                  "skipped": false
                }
              ],
              "suites": [],
              "passes": [],
              "failures": [
                "64c97a03-63d0-43ac-8716-b39e6ec24620"
              ],
              "pending": [],
              "skipped": [],
              "duration": 10166,
              "root": false,
              "rootEmpty": false,
              "_timeout": 2000
            }
          ],
          "passes": [],
          "failures": [],
          "pending": [],
          "skipped": [],
          "duration": 0,
          "root": false,
          "rootEmpty": false,
          "_timeout": 2000
        }
      ],
      "passes": [],
      "failures": [],
      "pending": [],
      "skipped": [],
      "duration": 0,
      "root": true,
      "rootEmpty": true,
      "_timeout": 2000
    }
  ],
  "meta": {
    "mocha": {
      "version": "7.2.0"
    },
    "mochawesome": {
      "options": {
        "quiet": false,
        "reportFilename": "mochawesome",
        "saveHtml": false,
        "saveJson": true,
        "consoleReporter": "spec",
        "useInlineDiffs": false,
        "code": true
      },
      "version": "7.1.4"
    },
    "marge": {
      "options": {
        "reportDir": "cypress/reports",
        "overwrite": false,
        "html": false,
        "json": true
      },
      "version": "6.3.2"
    }
  }
}