{
  "stats": {
    "suites": 1,
    "tests": 3,
    "passes": 3,
    "pending": 0,
    "failures": 0,
    "start": "2025-11-13T12:26:31.947Z",
    "end": "2025-11-13T12:27:12.532Z",
    "duration": 40585,
    "testsRegistered": 3,
    "passPercent": 100,
    "pendingPercent": 0,
    "other": 0,
    "hasOther": false,
    "skipped": 0,
    "hasSkipped": false
  },
  "results": [
    {
      "uuid": "e82cf7bb-99c6-49cb-916e-819a1a1f8f67",
      "title": "",
      "fullFile": "cypress/e2e/home.spec.js",
      "file": "cypress/e2e/home.spec.js",
      "beforeHooks": [],
      "afterHooks": [],
      "tests": [],
      "suites": [
        {
          "uuid": "21fbe0e4-cb51-4a94-bfdb-89a27cc8e822",
          "title": "VCam.ai Home Page",
          "fullFile": "",
          "file": "",
          "beforeHooks": [],
          "afterHooks": [],
          "tests": [
            {
              "title": "Should check that all the URLs in the header are correct",
              "fullTitle": "VCam.ai Home Page Should check that all the URLs in the header are correct",
              "timedOut": null,
              "duration": 33929,
              "state": "passed",
              "speed": "slow",
              "pass": true,
              "fail": false,
              "pending": false,
              "context": null,
              "code": "header.checkHeaderLinks();",
              "err": {},
              "uuid": "9cb010ee-84a7-43d3-b10a-4147b450d6d2",
              "parentUUID": "21fbe0e4-cb51-4a94-bfdb-89a27cc8e822",
              "isHook": false,
              "skipped": false
            },
            {
              "title": "Should check that all the URLs in the footer are correct",
              "fullTitle": "VCam.ai Home Page Should check that all the URLs in the footer are correct",
              "timedOut": null,
              "duration": 2894,
              "state": "passed",
              "speed": "fast",
              "pass": true,
              "fail": false,
              "pending": false,
              "context": null,
              "code": "footer.checkFooterLinks();",
              "err": {},
              "uuid": "d86d0f52-0508-4c6a-ad51-64872aecfa90",
              "parentUUID": "21fbe0e4-cb51-4a94-bfdb-89a27cc8e822",
              "isHook": false,
              "skipped": false
            },
            {
              "title": "Should check all URLs in the Home Page are correct",
              "fullTitle": "VCam.ai Home Page Should check all URLs in the Home Page are correct",
              "timedOut": null,
              "duration": 819,
              "state": "passed",
              "speed": "fast",
              "pass": true,
              "fail": false,
              "pending": false,
              "context": null,
              "code": "homePage.checkHomePageLinks();",
              "err": {},
              "uuid": "965fa86d-d306-4f1a-905e-d40770fcbc2d",
              "parentUUID": "21fbe0e4-cb51-4a94-bfdb-89a27cc8e822",
              "isHook": false,
              "skipped": false
            }
          ],
          "suites": [],
          "passes": [
            "9cb010ee-84a7-43d3-b10a-4147b450d6d2",
            "d86d0f52-0508-4c6a-ad51-64872aecfa90",
            "965fa86d-d306-4f1a-905e-d40770fcbc2d"
          ],
          "failures": [],
          "pending": [],
          "skipped": [],
          "duration": 37642,
          "root": false,
          "rootEmpty": false,
          "_timeout": 2000
        }
      ],
      "passes": [],
      "failures": [],
      "pending": [],
      "skipped": [],
      "duration": 0,
      "root": true,
      "rootEmpty": true,
      "_timeout": 2000
    }
  ],
  "meta": {
    "mocha": {
      "version": "7.2.0"
    },
    "mochawesome": {
      "options": {
        "quiet": false,
        "reportFilename": "mochawesome",
        "saveHtml": true,
        "saveJson": true,
        "consoleReporter": "spec",
        "useInlineDiffs": false,
        "code": true
      },
      "version": "7.1.4"
    },
    "marge": {
      "options": {
        "reportDir": "cypress/reports",
        "overwrite": false,
        "html": true,
        "json": true
      },
      "version": "6.3.2"
    }
  }
}