{
  "stats": {
    "suites": 2,
    "tests": 1,
    "passes": 0,
    "pending": 0,
    "failures": 1,
    "start": "2025-11-13T12:15:15.113Z",
    "end": "2025-11-13T12:15:35.623Z",
    "duration": 20510,
    "testsRegistered": 1,
    "passPercent": 0,
    "pendingPercent": 0,
    "other": 0,
    "hasOther": false,
    "skipped": 0,
    "hasSkipped": false
  },
  "results": [
    {
      "uuid": "3e427d13-afaf-4f92-b778-6a5a8620510f",
      "title": "",
      "fullFile": "cypress/e2e/dashboard.spec.js",
      "file": "cypress/e2e/dashboard.spec.js",
      "beforeHooks": [],
      "afterHooks": [],
      "tests": [],
      "suites": [
        {
          "uuid": "61d49a18-31da-49b3-bb5c-eaf96b454ce2",
          "title": "VCam.ai Dashboard",
          "fullFile": "",
          "file": "",
          "beforeHooks": [],
          "afterHooks": [],
          "tests": [],
          "suites": [
            {
              "uuid": "3969bf85-02dc-463e-bc1d-103ebbf77a1f",
              "title": "NAME TAGS",
              "fullFile": "",
              "file": "",
              "beforeHooks": [],
              "afterHooks": [],
              "tests": [
                {
                  "title": "Should setup a Name Tag",
                  "fullTitle": "VCam.ai Dashboard NAME TAGS Should setup a Name Tag",
                  "timedOut": null,
                  "duration": 17182,
                  "state": "failed",
                  "speed": null,
                  "pass": false,
                  "fail": true,
                  "pending": false,
                  "context": null,
                  "code": "cy.fixture(\"users.json\").as(\"users\").then(user => {\n  nametag.selectNameTagDesign(2);\n  nametag.setNameTag(user[1].name, user[1].nametag);\n  nametag.allowNameTagsInApp(1); // 1 to enable\n  nametag.allowMembersToToggleNameTag(0);\n  nametag.allowMembersToSetDetails(0);\n  nametag.allowMembersToSetDesign(0);\n  nametag.selectNameTagDesign(0); //Cleanup. Set to default design again.\n});",
                  "err": {
                    "message": "AssertionError: Timed out retrying after 10000ms: expected '[ <h1.text-4xl.font-bold.tracking-tight.text-gray-900.dark:text-white>, 1 more... ]' to contain 'Backgrounds'\n\nBecause this error occurred during a `before each` hook we are skipping the remaining tests in the current suite: `VCam.ai Dashboard`",
                    "estack": "AssertionError: Timed out retrying after 10000ms: expected '[ <h1.text-4xl.font-bold.tracking-tight.text-gray-900.dark:text-white>, 1 more... ]' to contain 'Backgrounds'\n\nBecause this error occurred during a `before each` hook we are skipping the remaining tests in the current suite: `VCam.ai Dashboard`\n    at get header (webpack://thelab/./cypress/pageObjects/components/background.js:4:44)\n    at Context.eval (webpack://thelab/./cypress/e2e/dashboard.spec.js:13:15)",
                    "diff": null
                  },
                  "uuid": "7c3fcef6-a3b9-4e16-8b13-946bce6fc393",
                  "parentUUID": "3969bf85-02dc-463e-bc1d-103ebbf77a1f",
                  "isHook": false,
                  "skipped": false
                }
              ],
              "suites": [],
              "passes": [],
              "failures": [
                "7c3fcef6-a3b9-4e16-8b13-946bce6fc393"
              ],
              "pending": [],
              "skipped": [],
              "duration": 17182,
              "root": false,
              "rootEmpty": false,
              "_timeout": 2000
            }
          ],
          "passes": [],
          "failures": [],
          "pending": [],
          "skipped": [],
          "duration": 0,
          "root": false,
          "rootEmpty": false,
          "_timeout": 2000
        }
      ],
      "passes": [],
      "failures": [],
      "pending": [],
      "skipped": [],
      "duration": 0,
      "root": true,
      "rootEmpty": true,
      "_timeout": 2000
    }
  ],
  "meta": {
    "mocha": {
      "version": "7.2.0"
    },
    "mochawesome": {
      "options": {
        "quiet": false,
        "reportFilename": "mochawesome",
        "saveHtml": true,
        "saveJson": true,
        "consoleReporter": "spec",
        "useInlineDiffs": false,
        "code": true
      },
      "version": "7.1.4"
    },
    "marge": {
      "options": {
        "reportDir": "cypress/reports",
        "overwrite": false,
        "html": true,
        "json": true
      },
      "version": "6.3.2"
    }
  }
}