{
  "stats": {
    "suites": 1,
    "tests": 3,
    "passes": 3,
    "pending": 0,
    "failures": 0,
    "start": "2025-11-13T09:45:40.617Z",
    "end": "2025-11-13T09:45:48.126Z",
    "duration": 7509,
    "testsRegistered": 3,
    "passPercent": 100,
    "pendingPercent": 0,
    "other": 0,
    "hasOther": false,
    "skipped": 0,
    "hasSkipped": false
  },
  "results": [
    {
      "uuid": "6ac8a227-cf07-4e72-a8c1-28ae3d5403c7",
      "title": "",
      "fullFile": "cypress\\e2e\\home.spec.js",
      "file": "cypress\\e2e\\home.spec.js",
      "beforeHooks": [],
      "afterHooks": [],
      "tests": [],
      "suites": [
        {
          "uuid": "1cdca272-11f8-487b-9eb2-7ba7fbf24bf2",
          "title": "VCam.ai Home Page",
          "fullFile": "",
          "file": "",
          "beforeHooks": [],
          "afterHooks": [],
          "tests": [
            {
              "title": "Should check that all the URLs in the header are correct",
              "fullTitle": "VCam.ai Home Page Should check that all the URLs in the header are correct",
              "timedOut": null,
              "duration": 2119,
              "state": "passed",
              "speed": "fast",
              "pass": true,
              "fail": false,
              "pending": false,
              "context": null,
              "code": "header.checkHeaderLinks();",
              "err": {},
              "uuid": "4ee6a06e-6bee-4e50-8489-81a15f48a9bc",
              "parentUUID": "1cdca272-11f8-487b-9eb2-7ba7fbf24bf2",
              "isHook": false,
              "skipped": false
            },
            {
              "title": "Should check that all the URLs in the footer are correct",
              "fullTitle": "VCam.ai Home Page Should check that all the URLs in the footer are correct",
              "timedOut": null,
              "duration": 2130,
              "state": "passed",
              "speed": "fast",
              "pass": true,
              "fail": false,
              "pending": false,
              "context": null,
              "code": "footer.checkFooterLinks();",
              "err": {},
              "uuid": "010ab4bd-c7bb-4465-920d-7d02e7589df5",
              "parentUUID": "1cdca272-11f8-487b-9eb2-7ba7fbf24bf2",
              "isHook": false,
              "skipped": false
            },
            {
              "title": "Should check all URLs in the Home Page are correct",
              "fullTitle": "VCam.ai Home Page Should check all URLs in the Home Page are correct",
              "timedOut": null,
              "duration": 654,
              "state": "passed",
              "speed": "fast",
              "pass": true,
              "fail": false,
              "pending": false,
              "context": null,
              "code": "homePage.checkHomePageLinks();",
              "err": {},
              "uuid": "f1d1eeda-4f75-47ab-9a46-9d1c51699abc",
              "parentUUID": "1cdca272-11f8-487b-9eb2-7ba7fbf24bf2",
              "isHook": false,
              "skipped": false
            }
          ],
          "suites": [],
          "passes": [
            "4ee6a06e-6bee-4e50-8489-81a15f48a9bc",
            "010ab4bd-c7bb-4465-920d-7d02e7589df5",
            "f1d1eeda-4f75-47ab-9a46-9d1c51699abc"
          ],
          "failures": [],
          "pending": [],
          "skipped": [],
          "duration": 4903,
          "root": false,
          "rootEmpty": false,
          "_timeout": 2000
        }
      ],
      "passes": [],
      "failures": [],
      "pending": [],
      "skipped": [],
      "duration": 0,
      "root": true,
      "rootEmpty": true,
      "_timeout": 2000
    }
  ],
  "meta": {
    "mocha": {
      "version": "7.2.0"
    },
    "mochawesome": {
      "options": {
        "quiet": false,
        "reportFilename": "mochawesome",
        "saveHtml": false,
        "saveJson": true,
        "consoleReporter": "spec",
        "useInlineDiffs": false,
        "code": true
      },
      "version": "7.1.4"
    },
    "marge": {
      "options": {
        "reportDir": "cypress/reports",
        "overwrite": false,
        "html": false,
        "json": true
      },
      "version": "6.3.2"
    }
  }
}