{
  "stats": {
    "suites": 1,
    "tests": 2,
    "passes": 1,
    "pending": 1,
    "failures": 0,
    "start": "2025-11-13T09:45:49.908Z",
    "end": "2025-11-13T09:46:12.107Z",
    "duration": 22199,
    "testsRegistered": 2,
    "passPercent": 100,
    "pendingPercent": 50,
    "other": 0,
    "hasOther": false,
    "skipped": 0,
    "hasSkipped": false
  },
  "results": [
    {
      "uuid": "973cdd0d-f03c-46f3-97e7-bee5a4a81297",
      "title": "",
      "fullFile": "cypress\\e2e\\onboarding.spec.js",
      "file": "cypress\\e2e\\onboarding.spec.js",
      "beforeHooks": [],
      "afterHooks": [],
      "tests": [],
      "suites": [
        {
          "uuid": "8e6daa44-225c-4d85-a7ce-a15a20faaff6",
          "title": "VCam.ai Dashboard",
          "fullFile": "",
          "file": "",
          "beforeHooks": [],
          "afterHooks": [],
          "tests": [
            {
              "title": "Should select 'For Personal Use' on the onboarding page",
              "fullTitle": "VCam.ai Dashboard Should select 'For Personal Use' on the onboarding page",
              "timedOut": null,
              "duration": 19517,
              "state": "passed",
              "speed": "slow",
              "pass": true,
              "fail": false,
              "pending": false,
              "context": null,
              "code": "onboarding.setForPersonalUse();\n// CLEAN UP",
              "err": {},
              "uuid": "0a7ae0e1-ce2a-4fd2-be80-1f23769cb3c5",
              "parentUUID": "8e6daa44-225c-4d85-a7ce-a15a20faaff6",
              "isHook": false,
              "skipped": false
            },
            {
              "title": "Should select 'for Team Use' on the onboarding page",
              "fullTitle": "VCam.ai Dashboard Should select 'for Team Use' on the onboarding page",
              "timedOut": null,
              "duration": 0,
              "state": "pending",
              "speed": null,
              "pass": false,
              "fail": false,
              "pending": true,
              "context": null,
              "code": "onboarding.setForTeamUse();\nonboarding.setupTeamWorkspace();\ndashboard.navigateTo(\"Settings\");\ncy.fixture(\"workspace.json\").as(\"workspace\").then(workspace => {\n  const wsName = workspace.name;\n  settings.workspaceName.should(\"eq\", wsName);\n});",
              "err": {},
              "uuid": "7cd1e151-97ae-4bc9-b227-62a35fee736f",
              "parentUUID": "8e6daa44-225c-4d85-a7ce-a15a20faaff6",
              "isHook": false,
              "skipped": false
            }
          ],
          "suites": [],
          "passes": [
            "0a7ae0e1-ce2a-4fd2-be80-1f23769cb3c5"
          ],
          "failures": [],
          "pending": [
            "7cd1e151-97ae-4bc9-b227-62a35fee736f"
          ],
          "skipped": [],
          "duration": 19517,
          "root": false,
          "rootEmpty": false,
          "_timeout": 2000
        }
      ],
      "passes": [],
      "failures": [],
      "pending": [],
      "skipped": [],
      "duration": 0,
      "root": true,
      "rootEmpty": true,
      "_timeout": 2000
    }
  ],
  "meta": {
    "mocha": {
      "version": "7.2.0"
    },
    "mochawesome": {
      "options": {
        "quiet": false,
        "reportFilename": "mochawesome",
        "saveHtml": false,
        "saveJson": true,
        "consoleReporter": "spec",
        "useInlineDiffs": false,
        "code": true
      },
      "version": "7.1.4"
    },
    "marge": {
      "options": {
        "reportDir": "cypress/reports",
        "overwrite": false,
        "html": false,
        "json": true
      },
      "version": "6.3.2"
    }
  }
}