{
  "stats": {
    "suites": 1,
    "tests": 1,
    "passes": 0,
    "pending": 2,
    "failures": -1,
    "start": "2025-11-13T14:15:47.701Z",
    "end": "2025-11-13T14:15:47.751Z",
    "duration": 50,
    "testsRegistered": 2,
    "passPercent": null,
    "pendingPercent": 100,
    "other": 1,
    "hasOther": true,
    "skipped": 0,
    "hasSkipped": false
  },
  "results": [
    {
      "uuid": "c9e4bae2-9961-4bdf-94bc-18a95d28f1bd",
      "title": "",
      "fullFile": "cypress/e2e/onboarding.spec.js",
      "file": "cypress/e2e/onboarding.spec.js",
      "beforeHooks": [],
      "afterHooks": [],
      "tests": [],
      "suites": [
        {
          "uuid": "55b0a596-f785-4d1d-baf4-36b8572168f4",
          "title": "VCam.ai Dashboard",
          "fullFile": "",
          "file": "",
          "beforeHooks": [],
          "afterHooks": [],
          "tests": [
            {
              "title": "Should select 'For Personal Use' on the onboarding page",
              "fullTitle": "VCam.ai Dashboard Should select 'For Personal Use' on the onboarding page",
              "timedOut": null,
              "duration": 0,
              "state": "pending",
              "speed": null,
              "pass": false,
              "fail": false,
              "pending": true,
              "context": null,
              "code": "onboarding.setForPersonalUse();\n// CLEAN UP",
              "err": {},
              "uuid": "005d5a57-7bfc-4857-9713-b6ad044e2c1e",
              "parentUUID": "55b0a596-f785-4d1d-baf4-36b8572168f4",
              "isHook": false,
              "skipped": false
            },
            {
              "title": "Should select 'for Team Use' on the onboarding page",
              "fullTitle": "VCam.ai Dashboard Should select 'for Team Use' on the onboarding page",
              "timedOut": null,
              "duration": 0,
              "state": "pending",
              "speed": null,
              "pass": false,
              "fail": false,
              "pending": true,
              "context": null,
              "code": "onboarding.setForTeamUse();\nonboarding.setupTeamWorkspace();\ndashboard.navigateTo(\"Settings\");\ncy.fixture(\"workspace.json\").as(\"workspace\").then(workspace => {\n  const wsName = workspace.name;\n  settings.workspaceName.should(\"eq\", wsName);\n});",
              "err": {},
              "uuid": "404558e0-9974-49e2-9c3e-dfec98dca10f",
              "parentUUID": "55b0a596-f785-4d1d-baf4-36b8572168f4",
              "isHook": false,
              "skipped": false
            }
          ],
          "suites": [],
          "passes": [],
          "failures": [],
          "pending": [
            "005d5a57-7bfc-4857-9713-b6ad044e2c1e",
            "404558e0-9974-49e2-9c3e-dfec98dca10f"
          ],
          "skipped": [],
          "duration": 0,
          "root": false,
          "rootEmpty": false,
          "_timeout": 2000
        }
      ],
      "passes": [],
      "failures": [],
      "pending": [],
      "skipped": [],
      "duration": 0,
      "root": true,
      "rootEmpty": true,
      "_timeout": 2000
    }
  ],
  "meta": {
    "mocha": {
      "version": "7.2.0"
    },
    "mochawesome": {
      "options": {
        "quiet": false,
        "reportFilename": "mochawesome",
        "saveHtml": true,
        "saveJson": true,
        "consoleReporter": "spec",
        "useInlineDiffs": false,
        "code": true
      },
      "version": "7.1.4"
    },
    "marge": {
      "options": {
        "reportDir": "cypress/reports",
        "overwrite": false,
        "html": true,
        "json": true
      },
      "version": "6.3.2"
    }
  }
}