{
  "stats": {
    "suites": 1,
    "tests": 3,
    "passes": 3,
    "pending": 0,
    "failures": 0,
    "start": "2025-11-13T10:45:27.725Z",
    "end": "2025-11-13T10:45:41.957Z",
    "duration": 14232,
    "testsRegistered": 3,
    "passPercent": 100,
    "pendingPercent": 0,
    "other": 0,
    "hasOther": false,
    "skipped": 0,
    "hasSkipped": false
  },
  "results": [
    {
      "uuid": "8d7e2d38-563c-4f41-bdfc-ea36f5219372",
      "title": "",
      "fullFile": "cypress/e2e/home.spec.js",
      "file": "cypress/e2e/home.spec.js",
      "beforeHooks": [],
      "afterHooks": [],
      "tests": [],
      "suites": [
        {
          "uuid": "26a3e6e8-cc60-42d6-be03-8527b9163e56",
          "title": "VCam.ai Home Page",
          "fullFile": "",
          "file": "",
          "beforeHooks": [],
          "afterHooks": [],
          "tests": [
            {
              "title": "Should check that all the URLs in the header are correct",
              "fullTitle": "VCam.ai Home Page Should check that all the URLs in the header are correct",
              "timedOut": null,
              "duration": 1937,
              "state": "passed",
              "speed": "fast",
              "pass": true,
              "fail": false,
              "pending": false,
              "context": null,
              "code": "header.checkHeaderLinks();",
              "err": {},
              "uuid": "95aa198f-195d-4569-82c4-43bd7553b813",
              "parentUUID": "26a3e6e8-cc60-42d6-be03-8527b9163e56",
              "isHook": false,
              "skipped": false
            },
            {
              "title": "Should check that all the URLs in the footer are correct",
              "fullTitle": "VCam.ai Home Page Should check that all the URLs in the footer are correct",
              "timedOut": null,
              "duration": 3751,
              "state": "passed",
              "speed": "fast",
              "pass": true,
              "fail": false,
              "pending": false,
              "context": null,
              "code": "footer.checkFooterLinks();",
              "err": {},
              "uuid": "a58ee1eb-2bef-4e40-8379-079b1e22dce1",
              "parentUUID": "26a3e6e8-cc60-42d6-be03-8527b9163e56",
              "isHook": false,
              "skipped": false
            },
            {
              "title": "Should check all URLs in the Home Page are correct",
              "fullTitle": "VCam.ai Home Page Should check all URLs in the Home Page are correct",
              "timedOut": null,
              "duration": 780,
              "state": "passed",
              "speed": "fast",
              "pass": true,
              "fail": false,
              "pending": false,
              "context": null,
              "code": "homePage.checkHomePageLinks();",
              "err": {},
              "uuid": "16df18eb-2bf9-48a0-917d-2bf4a7bdf555",
              "parentUUID": "26a3e6e8-cc60-42d6-be03-8527b9163e56",
              "isHook": false,
              "skipped": false
            }
          ],
          "suites": [],
          "passes": [
            "95aa198f-195d-4569-82c4-43bd7553b813",
            "a58ee1eb-2bef-4e40-8379-079b1e22dce1",
            "16df18eb-2bf9-48a0-917d-2bf4a7bdf555"
          ],
          "failures": [],
          "pending": [],
          "skipped": [],
          "duration": 6468,
          "root": false,
          "rootEmpty": false,
          "_timeout": 2000
        }
      ],
      "passes": [],
      "failures": [],
      "pending": [],
      "skipped": [],
      "duration": 0,
      "root": true,
      "rootEmpty": true,
      "_timeout": 2000
    }
  ],
  "meta": {
    "mocha": {
      "version": "7.2.0"
    },
    "mochawesome": {
      "options": {
        "quiet": false,
        "reportFilename": "mochawesome",
        "saveHtml": true,
        "saveJson": true,
        "consoleReporter": "spec",
        "useInlineDiffs": false,
        "code": true
      },
      "version": "7.1.4"
    },
    "marge": {
      "options": {
        "reportDir": "cypress/reports",
        "overwrite": false,
        "html": true,
        "json": true
      },
      "version": "6.3.2"
    }
  }
}