{
  "stats": {
    "suites": 1,
    "tests": 3,
    "passes": 3,
    "pending": 0,
    "failures": 0,
    "start": "2025-11-13T10:47:29.124Z",
    "end": "2025-11-13T10:47:54.768Z",
    "duration": 25644,
    "testsRegistered": 3,
    "passPercent": 100,
    "pendingPercent": 0,
    "other": 0,
    "hasOther": false,
    "skipped": 0,
    "hasSkipped": false
  },
  "results": [
    {
      "uuid": "e6a86ae5-439a-4964-be82-3e14876ab846",
      "title": "",
      "fullFile": "cypress/e2e/home.spec.js",
      "file": "cypress/e2e/home.spec.js",
      "beforeHooks": [],
      "afterHooks": [],
      "tests": [],
      "suites": [
        {
          "uuid": "d6fde21a-8f12-476f-bcc2-90ca5f23ec8e",
          "title": "VCam.ai Home Page",
          "fullFile": "",
          "file": "",
          "beforeHooks": [],
          "afterHooks": [],
          "tests": [
            {
              "title": "Should check that all the URLs in the header are correct",
              "fullTitle": "VCam.ai Home Page Should check that all the URLs in the header are correct",
              "timedOut": null,
              "duration": 19092,
              "state": "passed",
              "speed": "slow",
              "pass": true,
              "fail": false,
              "pending": false,
              "context": null,
              "code": "header.checkHeaderLinks();",
              "err": {},
              "uuid": "48c8203f-17a8-4bfc-88ea-f3ee5aa98664",
              "parentUUID": "d6fde21a-8f12-476f-bcc2-90ca5f23ec8e",
              "isHook": false,
              "skipped": false
            },
            {
              "title": "Should check that all the URLs in the footer are correct",
              "fullTitle": "VCam.ai Home Page Should check that all the URLs in the footer are correct",
              "timedOut": null,
              "duration": 2980,
              "state": "passed",
              "speed": "fast",
              "pass": true,
              "fail": false,
              "pending": false,
              "context": null,
              "code": "footer.checkFooterLinks();",
              "err": {},
              "uuid": "e2f1069f-ddb1-4d2e-866b-a61527fff291",
              "parentUUID": "d6fde21a-8f12-476f-bcc2-90ca5f23ec8e",
              "isHook": false,
              "skipped": false
            },
            {
              "title": "Should check all URLs in the Home Page are correct",
              "fullTitle": "VCam.ai Home Page Should check all URLs in the Home Page are correct",
              "timedOut": null,
              "duration": 778,
              "state": "passed",
              "speed": "fast",
              "pass": true,
              "fail": false,
              "pending": false,
              "context": null,
              "code": "homePage.checkHomePageLinks();",
              "err": {},
              "uuid": "9331007a-1149-468b-99c1-14316e3def25",
              "parentUUID": "d6fde21a-8f12-476f-bcc2-90ca5f23ec8e",
              "isHook": false,
              "skipped": false
            }
          ],
          "suites": [],
          "passes": [
            "48c8203f-17a8-4bfc-88ea-f3ee5aa98664",
            "e2f1069f-ddb1-4d2e-866b-a61527fff291",
            "9331007a-1149-468b-99c1-14316e3def25"
          ],
          "failures": [],
          "pending": [],
          "skipped": [],
          "duration": 22850,
          "root": false,
          "rootEmpty": false,
          "_timeout": 2000
        }
      ],
      "passes": [],
      "failures": [],
      "pending": [],
      "skipped": [],
      "duration": 0,
      "root": true,
      "rootEmpty": true,
      "_timeout": 2000
    }
  ],
  "meta": {
    "mocha": {
      "version": "7.2.0"
    },
    "mochawesome": {
      "options": {
        "quiet": false,
        "reportFilename": "mochawesome",
        "saveHtml": true,
        "saveJson": true,
        "consoleReporter": "spec",
        "useInlineDiffs": false,
        "code": true
      },
      "version": "7.1.4"
    },
    "marge": {
      "options": {
        "reportDir": "cypress/reports",
        "overwrite": false,
        "html": true,
        "json": true
      },
      "version": "6.3.2"
    }
  }
}