{
  "stats": {
    "suites": 1,
    "tests": 1,
    "passes": 0,
    "pending": 2,
    "failures": -1,
    "start": "2025-11-13T12:28:51.332Z",
    "end": "2025-11-13T12:28:51.367Z",
    "duration": 35,
    "testsRegistered": 2,
    "passPercent": null,
    "pendingPercent": 100,
    "other": 1,
    "hasOther": true,
    "skipped": 0,
    "hasSkipped": false
  },
  "results": [
    {
      "uuid": "3a018b10-e502-47f9-a7f8-da53e4caa951",
      "title": "",
      "fullFile": "cypress/e2e/onboarding.spec.js",
      "file": "cypress/e2e/onboarding.spec.js",
      "beforeHooks": [],
      "afterHooks": [],
      "tests": [],
      "suites": [
        {
          "uuid": "d13e3dc5-673c-4176-a182-7b2561d384ba",
          "title": "VCam.ai Dashboard",
          "fullFile": "",
          "file": "",
          "beforeHooks": [],
          "afterHooks": [],
          "tests": [
            {
              "title": "Should select 'For Personal Use' on the onboarding page",
              "fullTitle": "VCam.ai Dashboard Should select 'For Personal Use' on the onboarding page",
              "timedOut": null,
              "duration": 0,
              "state": "pending",
              "speed": null,
              "pass": false,
              "fail": false,
              "pending": true,
              "context": null,
              "code": "onboarding.setForPersonalUse();\n// CLEAN UP",
              "err": {},
              "uuid": "7347ac78-6bb6-44c0-b912-d7b2a792ecd8",
              "parentUUID": "d13e3dc5-673c-4176-a182-7b2561d384ba",
              "isHook": false,
              "skipped": false
            },
            {
              "title": "Should select 'for Team Use' on the onboarding page",
              "fullTitle": "VCam.ai Dashboard Should select 'for Team Use' on the onboarding page",
              "timedOut": null,
              "duration": 0,
              "state": "pending",
              "speed": null,
              "pass": false,
              "fail": false,
              "pending": true,
              "context": null,
              "code": "onboarding.setForTeamUse();\nonboarding.setupTeamWorkspace();\ndashboard.navigateTo(\"Settings\");\ncy.fixture(\"workspace.json\").as(\"workspace\").then(workspace => {\n  const wsName = workspace.name;\n  settings.workspaceName.should(\"eq\", wsName);\n});",
              "err": {},
              "uuid": "c76dcaab-7e49-4e9c-ace5-011b4aeef8b9",
              "parentUUID": "d13e3dc5-673c-4176-a182-7b2561d384ba",
              "isHook": false,
              "skipped": false
            }
          ],
          "suites": [],
          "passes": [],
          "failures": [],
          "pending": [
            "7347ac78-6bb6-44c0-b912-d7b2a792ecd8",
            "c76dcaab-7e49-4e9c-ace5-011b4aeef8b9"
          ],
          "skipped": [],
          "duration": 0,
          "root": false,
          "rootEmpty": false,
          "_timeout": 2000
        }
      ],
      "passes": [],
      "failures": [],
      "pending": [],
      "skipped": [],
      "duration": 0,
      "root": true,
      "rootEmpty": true,
      "_timeout": 2000
    }
  ],
  "meta": {
    "mocha": {
      "version": "7.2.0"
    },
    "mochawesome": {
      "options": {
        "quiet": false,
        "reportFilename": "mochawesome",
        "saveHtml": true,
        "saveJson": true,
        "consoleReporter": "spec",
        "useInlineDiffs": false,
        "code": true
      },
      "version": "7.1.4"
    },
    "marge": {
      "options": {
        "reportDir": "cypress/reports",
        "overwrite": false,
        "html": true,
        "json": true
      },
      "version": "6.3.2"
    }
  }
}